<?xml version="1.0" encoding="UTF-8"?>
<testsuite name="com.example.Online.Book.Library.UserControllerMockmvcTests" tests="1" skipped="0" failures="0" errors="0" timestamp="2023-10-27T10:52:55" hostname="ANTU-ACHARJEE" time="1.829">
  <properties/>
  <testcase name="testRegisterAndRetrieveUsers()" classname="com.example.Online.Book.Library.UserControllerMockmvcTests" time="1.829"/>
  <system-out><![CDATA[16:52:44.424 [Test worker] INFO org.springframework.test.context.support.AnnotationConfigContextLoaderUtils -- Could not detect default configuration classes for test class [com.example.Online.Book.Library.UserControllerMockmvcTests]: UserControllerMockmvcTests does not declare any static, non-private, non-final, nested classes annotated with @Configuration.
16:52:44.727 [Test worker] INFO org.springframework.boot.test.context.SpringBootTestContextBootstrapper -- Found @SpringBootConfiguration com.example.Online.Book.Library.OnlineBookLibraryApplication for test class com.example.Online.Book.Library.UserControllerMockmvcTests

  .   ____          _            __ _ _
 /\\ / ___'_ __ _ _(_)_ __  __ _ \ \ \ \
( ( )\___ | '_ | '_| | '_ \/ _` | \ \ \ \
 \\/  ___)| |_)| | | | | || (_| |  ) ) ) )
  '  |____| .__|_| |_|_| |_\__, | / / / /
 =========|_|==============|___/=/_/_/_/
 :: Spring Boot ::                (v3.1.3)

2023-10-27T16:52:45.657+06:00  INFO 14532 --- [    Test worker] c.e.O.B.L.UserControllerMockmvcTests     : Starting UserControllerMockmvcTests using Java 17.0.8 with PID 14532 (started by BJIT in C:\Users\BJIT\Downloads\mini-project-submission-main\Online-Book-Library)
2023-10-27T16:52:45.662+06:00  INFO 14532 --- [    Test worker] c.e.O.B.L.UserControllerMockmvcTests     : No active profile set, falling back to 1 default profile: "default"
2023-10-27T16:52:47.735+06:00  INFO 14532 --- [    Test worker] .s.d.r.c.RepositoryConfigurationDelegate : Bootstrapping Spring Data JPA repositories in DEFAULT mode.
2023-10-27T16:52:47.908+06:00  INFO 14532 --- [    Test worker] .s.d.r.c.RepositoryConfigurationDelegate : Finished Spring Data repository scanning in 156 ms. Found 5 JPA repository interfaces.
2023-10-27T16:52:49.033+06:00  INFO 14532 --- [    Test worker] o.hibernate.jpa.internal.util.LogHelper  : HHH000204: Processing PersistenceUnitInfo [name: default]
2023-10-27T16:52:49.173+06:00  INFO 14532 --- [    Test worker] org.hibernate.Version                    : HHH000412: Hibernate ORM core version 6.2.7.Final
2023-10-27T16:52:49.180+06:00  INFO 14532 --- [    Test worker] org.hibernate.cfg.Environment            : HHH000406: Using bytecode reflection optimizer
2023-10-27T16:52:49.544+06:00  INFO 14532 --- [    Test worker] o.h.b.i.BytecodeProviderInitiator        : HHH000021: Bytecode provider name : bytebuddy
2023-10-27T16:52:49.880+06:00  INFO 14532 --- [    Test worker] o.s.o.j.p.SpringPersistenceUnitInfo      : No LoadTimeWeaver setup: ignoring JPA class transformer
2023-10-27T16:52:49.919+06:00  INFO 14532 --- [    Test worker] com.zaxxer.hikari.HikariDataSource       : HikariPool-1 - Starting...
2023-10-27T16:52:50.282+06:00  INFO 14532 --- [    Test worker] com.zaxxer.hikari.pool.HikariPool        : HikariPool-1 - Added connection com.mysql.cj.jdbc.ConnectionImpl@6e73974
2023-10-27T16:52:50.285+06:00  INFO 14532 --- [    Test worker] com.zaxxer.hikari.HikariDataSource       : HikariPool-1 - Start completed.
2023-10-27T16:52:50.332+06:00  WARN 14532 --- [    Test worker] org.hibernate.orm.deprecation            : HHH90000026: MySQL8Dialect has been deprecated; use org.hibernate.dialect.MySQLDialect instead
2023-10-27T16:52:50.905+06:00  INFO 14532 --- [    Test worker] o.h.b.i.BytecodeProviderInitiator        : HHH000021: Bytecode provider name : bytebuddy
2023-10-27T16:52:52.155+06:00  INFO 14532 --- [    Test worker] o.h.e.t.j.p.i.JtaPlatformInitiator       : HHH000490: Using JtaPlatform implementation: [org.hibernate.engine.transaction.jta.platform.internal.NoJtaPlatform]
Hibernate: alter table review modify column rating  float(23) not null
2023-10-27T16:52:52.384+06:00  INFO 14532 --- [    Test worker] j.LocalContainerEntityManagerFactoryBean : Initialized JPA EntityManagerFactory for persistence unit 'default'
2023-10-27T16:52:53.699+06:00  WARN 14532 --- [    Test worker] JpaBaseConfiguration$JpaWebConfiguration : spring.jpa.open-in-view is enabled by default. Therefore, database queries may be performed during view rendering. Explicitly configure spring.jpa.open-in-view to disable this warning
2023-10-27T16:52:53.955+06:00  INFO 14532 --- [    Test worker] o.s.s.web.DefaultSecurityFilterChain     : Will secure any request with [org.springframework.security.web.session.DisableEncodeUrlFilter@62b0792, org.springframework.security.web.context.request.async.WebAsyncManagerIntegrationFilter@2fd409c1, org.springframework.security.web.context.SecurityContextHolderFilter@3b7dd173, org.springframework.security.web.header.HeaderWriterFilter@22f0e329, org.springframework.web.filter.CorsFilter@121c1a08, org.springframework.security.web.authentication.logout.LogoutFilter@73072745, com.example.Online.Book.Library.config.CustomAuthorizationFilter@3013e1e8, com.example.Online.Book.Library.config.CustomAuthenticationFilter@6e5a77ef, org.springframework.security.web.savedrequest.RequestCacheAwareFilter@524418a2, org.springframework.security.web.servletapi.SecurityContextHolderAwareRequestFilter@7747571c, org.springframework.security.web.authentication.AnonymousAuthenticationFilter@61cff1e4, org.springframework.security.web.session.SessionManagementFilter@20ddc780, org.springframework.security.web.access.ExceptionTranslationFilter@159a0f0e, org.springframework.security.web.access.intercept.AuthorizationFilter@281028ce]
2023-10-27T16:52:55.055+06:00  INFO 14532 --- [    Test worker] o.s.b.t.m.w.SpringBootMockServletContext : Initializing Spring TestDispatcherServlet ''
2023-10-27T16:52:55.056+06:00  INFO 14532 --- [    Test worker] o.s.t.web.servlet.TestDispatcherServlet  : Initializing Servlet ''
2023-10-27T16:52:55.060+06:00  INFO 14532 --- [    Test worker] o.s.t.web.servlet.TestDispatcherServlet  : Completed initialization in 3 ms
2023-10-27T16:52:55.115+06:00  INFO 14532 --- [    Test worker] c.e.O.B.L.UserControllerMockmvcTests     : Started UserControllerMockmvcTests in 10.06 seconds (process running for 12.449)
Hibernate: select u1_0.user_id,u1_0.address,u1_0.email,u1_0.first_name,u1_0.last_name,u1_0.password,u1_0.role from user u1_0 where u1_0.email=?
Hibernate: insert into user (address,email,first_name,last_name,password,role) values (?,?,?,?,?,?)
Hibernate: select u1_0.user_id,u1_0.address,u1_0.email,u1_0.first_name,u1_0.last_name,u1_0.password,u1_0.role from user u1_0 where u1_0.user_id=?
]]></system-out>
  <system-err><![CDATA[]]></system-err>
</testsuite>
